<?xml version="1.0" encoding="UTF-8"?>
<coverage generated="1682181080595" clover="3.2.0">
  <project timestamp="1682181080595" name="All files">
    <metrics statements="26" coveredstatements="26" conditionals="18" coveredconditionals="17" methods="6" coveredmethods="6" elements="50" coveredelements="49" complexity="0" loc="26" ncloc="26" packages="1" files="1" classes="1"/>
    <file name="stock_portfiolo.js" path="/Users/wesleyluu/Documents/School/Cal Poly/Spring 2023/csc307/unit_test/stock_portfiolo.js">
      <metrics statements="26" coveredstatements="26" conditionals="18" coveredconditionals="17" methods="6" coveredmethods="6"/>
      <line num="3" count="14" type="stmt"/>
      <line num="10" count="21" type="cond" truecount="2" falsecount="0"/>
      <line num="11" count="20" type="cond" truecount="2" falsecount="0"/>
      <line num="13" count="17" type="cond" truecount="2" falsecount="0"/>
      <line num="14" count="16" type="stmt"/>
      <line num="15" count="16" type="stmt"/>
      <line num="17" count="1" type="stmt"/>
      <line num="21" count="3" type="stmt"/>
      <line num="22" count="3" type="stmt"/>
      <line num="25" count="1" type="stmt"/>
      <line num="31" count="6" type="cond" truecount="2" falsecount="0"/>
      <line num="32" count="5" type="cond" truecount="1" falsecount="1"/>
      <line num="34" count="5" type="cond" truecount="2" falsecount="0"/>
      <line num="36" count="4" type="stmt"/>
      <line num="39" count="4" type="cond" truecount="2" falsecount="0"/>
      <line num="40" count="1" type="stmt"/>
      <line num="41" count="1" type="stmt"/>
      <line num="43" count="4" type="stmt"/>
      <line num="48" count="1" type="stmt"/>
      <line num="53" count="1" type="stmt"/>
      <line num="58" count="2" type="stmt"/>
      <line num="63" count="3" type="cond" truecount="2" falsecount="0"/>
      <line num="64" count="2" type="stmt"/>
      <line num="66" count="1" type="stmt"/>
      <line num="71" count="27" type="cond" truecount="2" falsecount="0"/>
      <line num="75" count="1" type="stmt"/>
    </file>
  </project>
</coverage>
