{"/Users/wesleyluu/Documents/School/Cal Poly/Spring 2023/csc307/unit_test/stock_portfiolo.js": {"path":"/Users/wesleyluu/Documents/School/Cal Poly/Spring 2023/csc307/unit_test/stock_portfiolo.js","statementMap":{"0":{"start":{"line":3,"column":8},"end":{"line":3,"column":28}},"1":{"start":{"line":10,"column":8},"end":{"line":23,"column":9}},"2":{"start":{"line":11,"column":12},"end":{"line":18,"column":13}},"3":{"start":{"line":13,"column":16},"end":{"line":16,"column":17}},"4":{"start":{"line":14,"column":20},"end":{"line":14,"column":56}},"5":{"start":{"line":15,"column":20},"end":{"line":15,"column":29}},"6":{"start":{"line":17,"column":16},"end":{"line":17,"column":26}},"7":{"start":{"line":21,"column":12},"end":{"line":21,"column":49}},"8":{"start":{"line":22,"column":12},"end":{"line":22,"column":21}},"9":{"start":{"line":25,"column":8},"end":{"line":25,"column":18}},"10":{"start":{"line":31,"column":8},"end":{"line":51,"column":9}},"11":{"start":{"line":32,"column":12},"end":{"line":50,"column":13}},"12":{"start":{"line":34,"column":16},"end":{"line":49,"column":17}},"13":{"start":{"line":36,"column":20},"end":{"line":36,"column":61}},"14":{"start":{"line":39,"column":20},"end":{"line":42,"column":21}},"15":{"start":{"line":40,"column":24},"end":{"line":40,"column":47}},"16":{"start":{"line":41,"column":24},"end":{"line":41,"column":58}},"17":{"start":{"line":43,"column":20},"end":{"line":43,"column":29}},"18":{"start":{"line":48,"column":20},"end":{"line":48,"column":58}},"19":{"start":{"line":53,"column":8},"end":{"line":53,"column":18}},"20":{"start":{"line":58,"column":8},"end":{"line":58,"column":50}},"21":{"start":{"line":63,"column":8},"end":{"line":65,"column":9}},"22":{"start":{"line":64,"column":12},"end":{"line":64,"column":45}},"23":{"start":{"line":66,"column":8},"end":{"line":66,"column":18}},"24":{"start":{"line":71,"column":8},"end":{"line":71,"column":76}},"25":{"start":{"line":75,"column":0},"end":{"line":75,"column":33}}},"fnMap":{"0":{"name":"(anonymous_0)","decl":{"start":{"line":2,"column":4},"end":{"line":2,"column":5}},"loc":{"start":{"line":2,"column":18},"end":{"line":4,"column":5}},"line":2},"1":{"name":"(anonymous_1)","decl":{"start":{"line":9,"column":4},"end":{"line":9,"column":5}},"loc":{"start":{"line":9,"column":42},"end":{"line":26,"column":5}},"line":9},"2":{"name":"(anonymous_2)","decl":{"start":{"line":30,"column":4},"end":{"line":30,"column":5}},"loc":{"start":{"line":30,"column":44},"end":{"line":54,"column":5}},"line":30},"3":{"name":"(anonymous_3)","decl":{"start":{"line":57,"column":4},"end":{"line":57,"column":5}},"loc":{"start":{"line":57,"column":20},"end":{"line":59,"column":5}},"line":57},"4":{"name":"(anonymous_4)","decl":{"start":{"line":62,"column":4},"end":{"line":62,"column":5}},"loc":{"start":{"line":62,"column":27},"end":{"line":67,"column":5}},"line":62},"5":{"name":"(anonymous_5)","decl":{"start":{"line":70,"column":4},"end":{"line":70,"column":5}},"loc":{"start":{"line":70,"column":36},"end":{"line":72,"column":5}},"line":70}},"branchMap":{"0":{"loc":{"start":{"line":10,"column":8},"end":{"line":23,"column":9}},"type":"if","locations":[{"start":{"line":10,"column":8},"end":{"line":23,"column":9}},{"start":{},"end":{}}],"line":10},"1":{"loc":{"start":{"line":11,"column":12},"end":{"line":18,"column":13}},"type":"if","locations":[{"start":{"line":11,"column":12},"end":{"line":18,"column":13}},{"start":{},"end":{}}],"line":11},"2":{"loc":{"start":{"line":13,"column":16},"end":{"line":16,"column":17}},"type":"if","locations":[{"start":{"line":13,"column":16},"end":{"line":16,"column":17}},{"start":{},"end":{}}],"line":13},"3":{"loc":{"start":{"line":31,"column":8},"end":{"line":51,"column":9}},"type":"if","locations":[{"start":{"line":31,"column":8},"end":{"line":51,"column":9}},{"start":{},"end":{}}],"line":31},"4":{"loc":{"start":{"line":32,"column":12},"end":{"line":50,"column":13}},"type":"if","locations":[{"start":{"line":32,"column":12},"end":{"line":50,"column":13}},{"start":{},"end":{}}],"line":32},"5":{"loc":{"start":{"line":34,"column":16},"end":{"line":49,"column":17}},"type":"if","locations":[{"start":{"line":34,"column":16},"end":{"line":49,"column":17}},{"start":{"line":47,"column":21},"end":{"line":49,"column":17}}],"line":34},"6":{"loc":{"start":{"line":39,"column":20},"end":{"line":42,"column":21}},"type":"if","locations":[{"start":{"line":39,"column":20},"end":{"line":42,"column":21}},{"start":{},"end":{}}],"line":39},"7":{"loc":{"start":{"line":63,"column":8},"end":{"line":65,"column":9}},"type":"if","locations":[{"start":{"line":63,"column":8},"end":{"line":65,"column":9}},{"start":{},"end":{}}],"line":63},"8":{"loc":{"start":{"line":71,"column":15},"end":{"line":71,"column":75}},"type":"binary-expr","locations":[{"start":{"line":71,"column":15},"end":{"line":71,"column":41}},{"start":{"line":71,"column":45},"end":{"line":71,"column":75}}],"line":71}},"s":{"0":14,"1":21,"2":20,"3":17,"4":16,"5":16,"6":1,"7":3,"8":3,"9":1,"10":6,"11":5,"12":5,"13":4,"14":4,"15":1,"16":1,"17":4,"18":1,"19":1,"20":2,"21":3,"22":2,"23":1,"24":27,"25":1},"f":{"0":14,"1":21,"2":6,"3":2,"4":3,"5":27},"b":{"0":[20,1],"1":[17,3],"2":[16,1],"3":[5,1],"4":[5,0],"5":[4,1],"6":[1,3],"7":[2,1],"8":[27,25]},"_coverageSchema":"1a1c01bbd47fc00a2c39e90264f33305004495a9","hash":"7a0f946678761fa6b76dd7eeb7c3b4c4f5b541d3"}
}
