TN:
SF:stock_portfiolo.js
FN:2,(anonymous_0)
FN:9,(anonymous_1)
FN:30,(anonymous_2)
FN:57,(anonymous_3)
FN:62,(anonymous_4)
FN:70,(anonymous_5)
FNF:6
FNH:6
FNDA:14,(anonymous_0)
FNDA:21,(anonymous_1)
FNDA:6,(anonymous_2)
FNDA:2,(anonymous_3)
FNDA:3,(anonymous_4)
FNDA:27,(anonymous_5)
DA:3,14
DA:10,21
DA:11,20
DA:13,17
DA:14,16
DA:15,16
DA:17,1
DA:21,3
DA:22,3
DA:25,1
DA:31,6
DA:32,5
DA:34,5
DA:36,4
DA:39,4
DA:40,1
DA:41,1
DA:43,4
DA:48,1
DA:53,1
DA:58,2
DA:63,3
DA:64,2
DA:66,1
DA:71,27
DA:75,1
LF:26
LH:26
BRDA:10,0,0,20
BRDA:10,0,1,1
BRDA:11,1,0,17
BRDA:11,1,1,3
BRDA:13,2,0,16
BRDA:13,2,1,1
BRDA:31,3,0,5
BRDA:31,3,1,1
BRDA:32,4,0,5
BRDA:32,4,1,0
BRDA:34,5,0,4
BRDA:34,5,1,1
BRDA:39,6,0,1
BRDA:39,6,1,3
BRDA:63,7,0,2
BRDA:63,7,1,1
BRDA:71,8,0,27
BRDA:71,8,1,25
BRF:18
BRH:17
end_of_record
